<?xml version="1.0" encoding="UTF-8"?>
<!-- Generated by org.testng.reporters.JUnitXMLReporter -->
<testsuite ignored="12" hostname="DESKTOP-M1U6SU2" failures="3" tests="7" name="Test" time="74.297" errors="0" timestamp="2025-01-30T20:33:06 IST">
  <testcase classname="com.Qspiders.book.TC_DWS_002_Test" name="sortby" time="2.241"/>
  <testcase classname="com.Qspiders.electronics.TC_DWS_002_Test" name="cellPhone" time="1.221">
    <failure type="java.lang.AssertionError" message="cell phone page is  not displayed expected [Demo Web Shop. Cell phone] but found [Demo Web Shop. Cell phones]">
      <![CDATA[java.lang.AssertionError: cell phone page is  not displayed expected [Demo Web Shop. Cell phone] but found [Demo Web Shop. Cell phones]
at com.Qspiders.electronics.TC_DWS_002_Test.cellPhone(TC_DWS_002_Test.java:20)
at java.base/java.util.ArrayList.forEach(ArrayList.java:1597)
... Removed 30 stack frames]]>
    </failure>
  </testcase> <!-- cellPhone -->
  <testcase classname="com.Qspiders.computer.TC_DWS_002_Test" name="clickOnComputer" time="1.171"/>
  <testcase classname="com.Qspiders.book.TC_DWS_001_Test" name="clickOnBooks" time="1.251">
    <failure type="java.lang.AssertionError" message="books page is not displayed expected [Demo Web Shop. Book] but found [Demo Web Shop. Books]">
      <![CDATA[java.lang.AssertionError: books page is not displayed expected [Demo Web Shop. Book] but found [Demo Web Shop. Books]
at com.Qspiders.book.TC_DWS_001_Test.clickOnBooks(TC_DWS_001_Test.java:23)
at java.base/java.util.ArrayList.forEach(ArrayList.java:1597)
... Removed 30 stack frames]]>
    </failure>
  </testcase> <!-- clickOnBooks -->
  <testcase classname="com.Qspiders.electronics.TC_DWS_001_Test" name="electronics" time="1.164">
    <failure type="java.lang.AssertionError" message="camera  page is  not displayed expected [Demo Web Shop. Camera, phot] but found [Demo Web Shop. Camera, photo]">
      <![CDATA[java.lang.AssertionError: camera  page is  not displayed expected [Demo Web Shop. Camera, phot] but found [Demo Web Shop. Camera, photo]
at com.Qspiders.electronics.TC_DWS_001_Test.electronics(TC_DWS_001_Test.java:20)
at java.base/java.util.ArrayList.forEach(ArrayList.java:1597)
... Removed 30 stack frames]]>
    </failure>
  </testcase> <!-- electronics -->
  <testcase classname="com.Qspiders.computer.TC_DWS_003_Test" name="desktop" time="1.071"/>
  <testcase classname="com.Qspiders.computer.AddToCartTest" name="addToCart" time="1.448"/>
  <testcase classname="com.Qspider.genericUtility.BaseClass" name="@BeforeSuite configureReport" time="0.0">
    <ignored/>
  </testcase> <!-- @BeforeSuite configureReport -->
  <testcase classname="com.Qspider.genericUtility.BaseClass" name="@AfterSuite reportBackup" time="0.0">
    <ignored/>
  </testcase> <!-- @AfterSuite reportBackup -->
  <testcase classname="com.Qspider.genericUtility.BaseClass" name="@AfterSuite reportBackup" time="0.0">
    <ignored/>
  </testcase> <!-- @AfterSuite reportBackup -->
  <testcase classname="com.Qspider.genericUtility.BaseClass" name="@AfterSuite reportBackup" time="0.0">
    <ignored/>
  </testcase> <!-- @AfterSuite reportBackup -->
  <testcase classname="com.Qspider.genericUtility.BaseClass" name="@AfterSuite reportBackup" time="0.0">
    <ignored/>
  </testcase> <!-- @AfterSuite reportBackup -->
  <testcase classname="com.Qspider.genericUtility.BaseClass" name="@BeforeSuite configureReport" time="0.0">
    <ignored/>
  </testcase> <!-- @BeforeSuite configureReport -->
  <testcase classname="com.Qspider.genericUtility.BaseClass" name="@BeforeSuite configureReport" time="0.0">
    <ignored/>
  </testcase> <!-- @BeforeSuite configureReport -->
  <testcase classname="com.Qspider.genericUtility.BaseClass" name="@BeforeSuite configureReport" time="0.0">
    <ignored/>
  </testcase> <!-- @BeforeSuite configureReport -->
  <testcase classname="com.Qspider.genericUtility.BaseClass" name="@BeforeSuite configureReport" time="0.0">
    <ignored/>
  </testcase> <!-- @BeforeSuite configureReport -->
  <testcase classname="com.Qspider.genericUtility.BaseClass" name="@AfterSuite reportBackup" time="0.0">
    <ignored/>
  </testcase> <!-- @AfterSuite reportBackup -->
  <testcase classname="com.Qspider.genericUtility.BaseClass" name="@BeforeSuite configureReport" time="0.0">
    <ignored/>
  </testcase> <!-- @BeforeSuite configureReport -->
  <testcase classname="com.Qspider.genericUtility.BaseClass" name="@AfterSuite reportBackup" time="0.0">
    <ignored/>
  </testcase> <!-- @AfterSuite reportBackup -->
</testsuite> <!-- Test -->
